*** Using Compiler 'V6.21', folder: 'C:\Keil_v5\ARM\ARMCLANG\Bin'
Build target 'actuators_sensors'
compiling stm32l0xx_hal_msp.c...
compiling stm32l0xx_it.c...
compiling dma.c...
compiling tim.c...
compiling usart.c...
compiling gpio.c...
compiling main.c...
compiling stm32l0xx_hal_tim_ex.c...
compiling stm32l0xx_hal_i2c_ex.c...
compiling stm32l0xx_hal.c...
compiling stm32l0xx_hal_flash_ramfunc.c...
compiling stm32l0xx_hal_rcc_ex.c...
compiling stm32l0xx_hal_rcc.c...
compiling stm32l0xx_hal_tim.c...
compiling stm32l0xx_hal_gpio.c...
compiling stm32l0xx_hal_flash.c...
compiling stm32l0xx_hal_flash_ex.c...
compiling stm32l0xx_hal_pwr.c...
compiling stm32l0xx_hal_dma.c...
compiling stm32l0xx_hal_pwr_ex.c...
compiling stm32l0xx_hal_cortex.c...
compiling stm32l0xx_hal_exti.c...
compiling system_stm32l0xx.c...
compiling stm32l0xx_hal_uart_ex.c...
compiling stm32l0xx_hal_i2c.c...
compiling 74HC595.c...
compiling servo.c...
compiling core.c...
compiling motor_shield_v1.c...
compiling stm32l0xx_hal_uart.c...
compiling sensor.c...
compiling HC-SR04.c...
compiling timing_delays.c...
compiling robotic_arm.c...
compiling cJSON.c...
linking...
Program Size: Code=28496 RO-data=856 RW-data=288 ZI-data=6648  
FromELF: creating hex file...
"usart_dma_printf\actuators_sensors.axf" - 0 Error(s), 0 Warning(s).
Build Time Elapsed:  00:00:05
